# JRE version: OpenJDK Runtime Environment Temurin-21.0.7+6 (21.0.7+6) (build 21.0.7+6-LTS)
# Java VM: OpenJDK 64-Bit Server VM Temurin-21.0.7+6 (21.0.7+6-LTS, mixed mode, sharing, tiered, compressed oops, compressed class ptrs, parallel gc, windows-amd64)
GC Precious Log:
 CardTable entry size: 512
 CPUs: 12 total, 12 available
 Memory: 16163M
 Large Page Support: Disabled
 NUMA Support: Disabled
 Compressed Oops: Enabled (32-bit)
 Alignments: Space 512K, Generation 512K, Heap 2M
 Heap Min Capacity: 100M
 Heap Initial Capacity: 100M
 Heap Max Capacity: 1G
 Pre-touch: Disabled
 Parallel Workers: 10
Heap:
 PSYoungGen      total 4096K, used 780K [0x00000000eab00000, 0x00000000eb000000, 0x0000000100000000)
  eden space 3584K, 8% used [0x00000000eab00000,0x00000000eab4b360,0x00000000eae80000)
  from space 512K, 93% used [0x00000000eaf80000,0x00000000eaff8000,0x00000000eb000000)
  to   space 512K, 0% used [0x00000000eaf00000,0x00000000eaf00000,0x00000000eaf80000)
 ParOldGen       total 142336K, used 142190K [0x00000000c0000000, 0x00000000c8b00000, 0x00000000eab00000)
  object space 142336K, 99% used [0x00000000c0000000,0x00000000c8adba60,0x00000000c8b00000)
 Metaspace       used 76606K, committed 78208K, reserved 1179648K
  class space    used 7937K, committed 8640K, reserved 1048576K
GC Heap History (20 events):
Event: 77.279 GC heap before
{Heap before GC invocations=153 (full 3):
 PSYoungGen      total 4608K, used 4304K [0x00000000eab00000, 0x00000000eb080000, 0x0000000100000000)
  eden space 3584K, 100% used [0x00000000eab00000,0x00000000eae80000,0x00000000eae80000)
  from space 1024K, 70% used [0x00000000eae80000,0x00000000eaf34010,0x00000000eaf80000)
  to   space 1024K, 0% used [0x00000000eaf80000,0x00000000eaf80000,0x00000000eb080000)
 ParOldGen       total 135680K, used 135519K [0x00000000c0000000, 0x00000000c8480000, 0x00000000eab00000)
  object space 135680K, 99% used [0x00000000c0000000,0x00000000c8457d10,0x00000000c8480000)
 Metaspace       used 76196K, committed 77760K, reserved 1179648K
  class space    used 7917K, committed 8640K, reserved 1048576K
}
Event: 77.284 GC heap after
{Heap after GC invocations=153 (full 3):
 PSYoungGen      total 4096K, used 368K [0x00000000eab00000, 0x00000000eb000000, 0x0000000100000000)
  eden space 3584K, 0% used [0x00000000eab00000,0x00000000eab00000,0x00000000eae80000)
  from space 512K, 71% used [0x00000000eaf80000,0x00000000eafdc010,0x00000000eb000000)
  to   space 512K, 0% used [0x00000000eaf00000,0x00000000eaf00000,0x00000000eaf80000)
 ParOldGen       total 137216K, used 136885K [0x00000000c0000000, 0x00000000c8600000, 0x00000000eab00000)
  object space 137216K, 99% used [0x00000000c0000000,0x00000000c85ad6d8,0x00000000c8600000)
 Metaspace       used 76196K, committed 77760K, reserved 1179648K
  class space    used 7917K, committed 8640K, reserved 1048576K
}
Event: 77.391 GC heap before
{Heap before GC invocations=154 (full 3):
 PSYoungGen      total 4096K, used 3952K [0x00000000eab00000, 0x00000000eb000000, 0x0000000100000000)
  eden space 3584K, 100% used [0x00000000eab00000,0x00000000eae80000,0x00000000eae80000)
  from space 512K, 71% used [0x00000000eaf80000,0x00000000eafdc010,0x00000000eb000000)
  to   space 512K, 0% used [0x00000000eaf00000,0x00000000eaf00000,0x00000000eaf80000)
 ParOldGen       total 137216K, used 136885K [0x00000000c0000000, 0x00000000c8600000, 0x00000000eab00000)
  object space 137216K, 99% used [0x00000000c0000000,0x00000000c85ad6d8,0x00000000c8600000)
 Metaspace       used 76236K, committed 77760K, reserved 1179648K
  class space    used 7921K, committed 8640K, reserved 1048576K
}
Event: 77.407 GC heap after
{Heap after GC invocations=154 (full 3):
 PSYoungGen      total 4096K, used 512K [0x00000000eab00000, 0x00000000eb080000, 0x0000000100000000)
  eden space 3584K, 0% used [0x00000000eab00000,0x00000000eab00000,0x00000000eae80000)
  from space 512K, 100% used [0x00000000eaf00000,0x00000000eaf80000,0x00000000eaf80000)
  to   space 1024K, 0% used [0x00000000eaf80000,0x00000000eaf80000,0x00000000eb080000)
 ParOldGen       total 137216K, used 137133K [0x00000000c0000000, 0x00000000c8600000, 0x00000000eab00000)
  object space 137216K, 99% used [0x00000000c0000000,0x00000000c85eb6f8,0x00000000c8600000)
 Metaspace       used 76236K, committed 77760K, reserved 1179648K
  class space    used 7921K, committed 8640K, reserved 1048576K
}
Event: 77.526 GC heap before
{Heap before GC invocations=155 (full 3):
 PSYoungGen      total 4096K, used 4096K [0x00000000eab00000, 0x00000000eb080000, 0x0000000100000000)
  eden space 3584K, 100% used [0x00000000eab00000,0x00000000eae80000,0x00000000eae80000)
  from space 512K, 100% used [0x00000000eaf00000,0x00000000eaf80000,0x00000000eaf80000)
  to   space 1024K, 0% used [0x00000000eaf80000,0x00000000eaf80000,0x00000000eb080000)
 ParOldGen       total 137216K, used 137133K [0x00000000c0000000, 0x00000000c8600000, 0x00000000eab00000)
  object space 137216K, 99% used [0x00000000c0000000,0x00000000c85eb6f8,0x00000000c8600000)
 Metaspace       used 76323K, committed 77888K, reserved 1179648K
  class space    used 7922K, committed 8640K, reserved 1048576K
}
Event: 77.527 GC heap after
{Heap after GC invocations=155 (full 3):
 PSYoungGen      total 4608K, used 448K [0x00000000eab00000, 0x00000000eb080000, 0x0000000100000000)
  eden space 3584K, 0% used [0x00000000eab00000,0x00000000eab00000,0x00000000eae80000)
  from space 1024K, 43% used [0x00000000eaf80000,0x00000000eaff0000,0x00000000eb080000)
  to   space 1024K, 0% used [0x00000000eae80000,0x00000000eae80000,0x00000000eaf80000)
 ParOldGen       total 137728K, used 137537K [0x00000000c0000000, 0x00000000c8680000, 0x00000000eab00000)
  object space 137728K, 99% used [0x00000000c0000000,0x00000000c8650718,0x00000000c8680000)
 Metaspace       used 76323K, committed 77888K, reserved 1179648K
  class space    used 7922K, committed 8640K, reserved 1048576K
}
Event: 77.909 GC heap before
{Heap before GC invocations=156 (full 3):
 PSYoungGen      total 4608K, used 4032K [0x00000000eab00000, 0x00000000eb080000, 0x0000000100000000)
  eden space 3584K, 100% used [0x00000000eab00000,0x00000000eae80000,0x00000000eae80000)
  from space 1024K, 43% used [0x00000000eaf80000,0x00000000eaff0000,0x00000000eb080000)
  to   space 1024K, 0% used [0x00000000eae80000,0x00000000eae80000,0x00000000eaf80000)
 ParOldGen       total 137728K, used 137537K [0x00000000c0000000, 0x00000000c8680000, 0x00000000eab00000)
  object space 137728K, 99% used [0x00000000c0000000,0x00000000c8650718,0x00000000c8680000)
 Metaspace       used 76360K, committed 77888K, reserved 1179648K
  class space    used 7923K, committed 8640K, reserved 1048576K
}
Event: 77.922 GC heap after
{Heap after GC invocations=156 (full 3):
 PSYoungGen      total 4608K, used 544K [0x00000000eab00000, 0x00000000eb080000, 0x0000000100000000)
  eden space 3584K, 0% used [0x00000000eab00000,0x00000000eab00000,0x00000000eae80000)
  from space 1024K, 53% used [0x00000000eae80000,0x00000000eaf08000,0x00000000eaf80000)
  to   space 1024K, 0% used [0x00000000eaf80000,0x00000000eaf80000,0x00000000eb080000)
 ParOldGen       total 138752K, used 138623K [0x00000000c0000000, 0x00000000c8780000, 0x00000000eab00000)
  object space 138752K, 99% used [0x00000000c0000000,0x00000000c875fc28,0x00000000c8780000)
 Metaspace       used 76360K, committed 77888K, reserved 1179648K
  class space    used 7923K, committed 8640K, reserved 1048576K
}
Event: 77.972 GC heap before
{Heap before GC invocations=157 (full 3):
 PSYoungGen      total 4608K, used 4127K [0x00000000eab00000, 0x00000000eb080000, 0x0000000100000000)
  eden space 3584K, 99% used [0x00000000eab00000,0x00000000eae7ffd0,0x00000000eae80000)
  from space 1024K, 53% used [0x00000000eae80000,0x00000000eaf08000,0x00000000eaf80000)
  to   space 1024K, 0% used [0x00000000eaf80000,0x00000000eaf80000,0x00000000eb080000)
 ParOldGen       total 138752K, used 138623K [0x00000000c0000000, 0x00000000c8780000, 0x00000000eab00000)
  object space 138752K, 99% used [0x00000000c0000000,0x00000000c875fc28,0x00000000c8780000)
 Metaspace       used 76391K, committed 78016K, reserved 1179648K
  class space    used 7926K, committed 8640K, reserved 1048576K
}
Event: 77.977 GC heap after
{Heap after GC invocations=157 (full 3):
 PSYoungGen      total 4096K, used 416K [0x00000000eab00000, 0x00000000eb000000, 0x0000000100000000)
  eden space 3584K, 0% used [0x00000000eab00000,0x00000000eab00000,0x00000000eae80000)
  from space 512K, 81% used [0x00000000eaf80000,0x00000000eafe8000,0x00000000eb000000)
  to   space 512K, 0% used [0x00000000eaf00000,0x00000000eaf00000,0x00000000eaf80000)
 ParOldGen       total 139264K, used 139033K [0x00000000c0000000, 0x00000000c8800000, 0x00000000eab00000)
  object space 139264K, 99% used [0x00000000c0000000,0x00000000c87c6540,0x00000000c8800000)
 Metaspace       used 76391K, committed 78016K, reserved 1179648K
  class space    used 7926K, committed 8640K, reserved 1048576K
}
Event: 78.053 GC heap before
{Heap before GC invocations=158 (full 3):
 PSYoungGen      total 4096K, used 4000K [0x00000000eab00000, 0x00000000eb000000, 0x0000000100000000)
  eden space 3584K, 100% used [0x00000000eab00000,0x00000000eae80000,0x00000000eae80000)
  from space 512K, 81% used [0x00000000eaf80000,0x00000000eafe8000,0x00000000eb000000)
  to   space 512K, 0% used [0x00000000eaf00000,0x00000000eaf00000,0x00000000eaf80000)
 ParOldGen       total 139264K, used 139033K [0x00000000c0000000, 0x00000000c8800000, 0x00000000eab00000)
  object space 139264K, 99% used [0x00000000c0000000,0x00000000c87c6540,0x00000000c8800000)
 Metaspace       used 76436K, committed 78016K, reserved 1179648K
  class space    used 7930K, committed 8640K, reserved 1048576K
}
Event: 78.058 GC heap after
{Heap after GC invocations=158 (full 3):
 PSYoungGen      total 4096K, used 512K [0x00000000eab00000, 0x00000000eb180000, 0x0000000100000000)
  eden space 3584K, 0% used [0x00000000eab00000,0x00000000eab00000,0x00000000eae80000)
  from space 512K, 100% used [0x00000000eaf00000,0x00000000eaf80000,0x00000000eaf80000)
  to   space 1536K, 0% used [0x00000000eb000000,0x00000000eb000000,0x00000000eb180000)
 ParOldGen       total 139776K, used 139766K [0x00000000c0000000, 0x00000000c8880000, 0x00000000eab00000)
  object space 139776K, 99% used [0x00000000c0000000,0x00000000c887da00,0x00000000c8880000)
 Metaspace       used 76436K, committed 78016K, reserved 1179648K
  class space    used 7930K, committed 8640K, reserved 1048576K
}
Event: 78.192 GC heap before
{Heap before GC invocations=159 (full 3):
 PSYoungGen      total 4096K, used 4096K [0x00000000eab00000, 0x00000000eb180000, 0x0000000100000000)
  eden space 3584K, 100% used [0x00000000eab00000,0x00000000eae80000,0x00000000eae80000)
  from space 512K, 100% used [0x00000000eaf00000,0x00000000eaf80000,0x00000000eaf80000)
  to   space 1536K, 0% used [0x00000000eb000000,0x00000000eb000000,0x00000000eb180000)
 ParOldGen       total 139776K, used 139766K [0x00000000c0000000, 0x00000000c8880000, 0x00000000eab00000)
  object space 139776K, 99% used [0x00000000c0000000,0x00000000c887da00,0x00000000c8880000)
 Metaspace       used 76489K, committed 78080K, reserved 1179648K
  class space    used 7936K, committed 8640K, reserved 1048576K
}
Event: 78.196 GC heap after
{Heap after GC invocations=159 (full 3):
 PSYoungGen      total 5120K, used 1136K [0x00000000eab00000, 0x00000000eb180000, 0x0000000100000000)
  eden space 3584K, 0% used [0x00000000eab00000,0x00000000eab00000,0x00000000eae80000)
  from space 1536K, 73% used [0x00000000eb000000,0x00000000eb11c020,0x00000000eb180000)
  to   space 1536K, 0% used [0x00000000eae80000,0x00000000eae80000,0x00000000eb000000)
 ParOldGen       total 140288K, used 140286K [0x00000000c0000000, 0x00000000c8900000, 0x00000000eab00000)
  object space 140288K, 99% used [0x00000000c0000000,0x00000000c88ffa00,0x00000000c8900000)
 Metaspace       used 76489K, committed 78080K, reserved 1179648K
  class space    used 7936K, committed 8640K, reserved 1048576K
}
Event: 78.310 GC heap before
{Heap before GC invocations=160 (full 3):
 PSYoungGen      total 5120K, used 4720K [0x00000000eab00000, 0x00000000eb180000, 0x0000000100000000)
  eden space 3584K, 100% used [0x00000000eab00000,0x00000000eae80000,0x00000000eae80000)
  from space 1536K, 73% used [0x00000000eb000000,0x00000000eb11c020,0x00000000eb180000)
  to   space 1536K, 0% used [0x00000000eae80000,0x00000000eae80000,0x00000000eb000000)
 ParOldGen       total 140288K, used 140286K [0x00000000c0000000, 0x00000000c8900000, 0x00000000eab00000)
  object space 140288K, 99% used [0x00000000c0000000,0x00000000c88ffa00,0x00000000c8900000)
 Metaspace       used 76554K, committed 78144K, reserved 1179648K
  class space    used 7937K, committed 8640K, reserved 1048576K
}
Event: 78.325 GC heap after
{Heap after GC invocations=160 (full 3):
 PSYoungGen      total 4608K, used 864K [0x00000000eab00000, 0x00000000eb080000, 0x0000000100000000)
  eden space 3584K, 0% used [0x00000000eab00000,0x00000000eab00000,0x00000000eae80000)
  from space 1024K, 84% used [0x00000000eae80000,0x00000000eaf58000,0x00000000eaf80000)
  to   space 1024K, 0% used [0x00000000eaf80000,0x00000000eaf80000,0x00000000eb080000)
 ParOldGen       total 141312K, used 141230K [0x00000000c0000000, 0x00000000c8a00000, 0x00000000eab00000)
  object space 141312K, 99% used [0x00000000c0000000,0x00000000c89eba30,0x00000000c8a00000)
 Metaspace       used 76554K, committed 78144K, reserved 1179648K
  class space    used 7937K, committed 8640K, reserved 1048576K
}
Event: 78.360 GC heap before
{Heap before GC invocations=161 (full 3):
 PSYoungGen      total 4608K, used 4448K [0x00000000eab00000, 0x00000000eb080000, 0x0000000100000000)
  eden space 3584K, 100% used [0x00000000eab00000,0x00000000eae80000,0x00000000eae80000)
  from space 1024K, 84% used [0x00000000eae80000,0x00000000eaf58000,0x00000000eaf80000)
  to   space 1024K, 0% used [0x00000000eaf80000,0x00000000eaf80000,0x00000000eb080000)
 ParOldGen       total 141312K, used 141230K [0x00000000c0000000, 0x00000000c8a00000, 0x00000000eab00000)
  object space 141312K, 99% used [0x00000000c0000000,0x00000000c89eba30,0x00000000c8a00000)
 Metaspace       used 76555K, committed 78144K, reserved 1179648K
  class space    used 7937K, committed 8640K, reserved 1048576K
}
Event: 78.369 GC heap after
{Heap after GC invocations=161 (full 3):
 PSYoungGen      total 4608K, used 576K [0x00000000eab00000, 0x00000000eb080000, 0x0000000100000000)
  eden space 3584K, 0% used [0x00000000eab00000,0x00000000eab00000,0x00000000eae80000)
  from space 1024K, 56% used [0x00000000eaf80000,0x00000000eb010000,0x00000000eb080000)
  to   space 1024K, 0% used [0x00000000eae80000,0x00000000eae80000,0x00000000eaf80000)
 ParOldGen       total 141824K, used 141638K [0x00000000c0000000, 0x00000000c8a80000, 0x00000000eab00000)
  object space 141824K, 99% used [0x00000000c0000000,0x00000000c8a51a40,0x00000000c8a80000)
 Metaspace       used 76555K, committed 78144K, reserved 1179648K
  class space    used 7937K, committed 8640K, reserved 1048576K
}
Event: 78.441 GC heap before
{Heap before GC invocations=162 (full 3):
 PSYoungGen      total 4608K, used 4160K [0x00000000eab00000, 0x00000000eb080000, 0x0000000100000000)
  eden space 3584K, 100% used [0x00000000eab00000,0x00000000eae80000,0x00000000eae80000)
  from space 1024K, 56% used [0x00000000eaf80000,0x00000000eb010000,0x00000000eb080000)
  to   space 1024K, 0% used [0x00000000eae80000,0x00000000eae80000,0x00000000eaf80000)
 ParOldGen       total 141824K, used 141638K [0x00000000c0000000, 0x00000000c8a80000, 0x00000000eab00000)
  object space 141824K, 99% used [0x00000000c0000000,0x00000000c8a51a40,0x00000000c8a80000)
 Metaspace       used 76594K, committed 78144K, reserved 1179648K
  class space    used 7937K, committed 8640K, reserved 1048576K
}
Event: 78.454 GC heap after
{Heap after GC invocations=162 (full 3):
 PSYoungGen      total 4608K, used 448K [0x00000000eab00000, 0x00000000eb080000, 0x0000000100000000)
  eden space 3584K, 0% used [0x00000000eab00000,0x00000000eab00000,0x00000000eae80000)
  from space 1024K, 43% used [0x00000000eae80000,0x00000000eaef0000,0x00000000eaf80000)
  to   space 1024K, 0% used [0x00000000eaf80000,0x00000000eaf80000,0x00000000eb080000)
 ParOldGen       total 142336K, used 141926K [0x00000000c0000000, 0x00000000c8b00000, 0x00000000eab00000)
  object space 142336K, 99% used [0x00000000c0000000,0x00000000c8a99a40,0x00000000c8b00000)
 Metaspace       used 76594K, committed 78144K, reserved 1179648K
  class space    used 7937K, committed 8640K, reserved 1048576K
}

