# JRE version: OpenJDK Runtime Environment Temurin-21.0.7+6 (21.0.7+6) (build 21.0.7+6-LTS)
# Java VM: OpenJDK 64-Bit Server VM Temurin-21.0.7+6 (21.0.7+6-LTS, mixed mode, sharing, tiered, compressed oops, compressed class ptrs, parallel gc, windows-amd64)
GC Precious Log:
 CardTable entry size: 512
 CPUs: 12 total, 12 available
 Memory: 16163M
 Large Page Support: Disabled
 NUMA Support: Disabled
 Compressed Oops: Enabled (32-bit)
 Alignments: Space 512K, Generation 512K, Heap 2M
 Heap Min Capacity: 100M
 Heap Initial Capacity: 100M
 Heap Max Capacity: 1G
 Pre-touch: Disabled
 Parallel Workers: 10
Heap:
 PSYoungGen      total 8704K, used 6741K [0x00000000eab00000, 0x00000000eb800000, 0x0000000100000000)
  eden space 6144K, 70% used [0x00000000eab00000,0x00000000eaf38868,0x00000000eb100000)
  from space 2560K, 94% used [0x00000000eb100000,0x00000000eb35cf20,0x00000000eb380000)
  to   space 3584K, 0% used [0x00000000eb480000,0x00000000eb480000,0x00000000eb800000)
 ParOldGen       total 330240K, used 302360K [0x00000000c0000000, 0x00000000d4280000, 0x00000000eab00000)
  object space 330240K, 91% used [0x00000000c0000000,0x00000000d27462c8,0x00000000d4280000)
 Metaspace       used 66362K, committed 67776K, reserved 1114112K
  class space    used 6848K, committed 7488K, reserved 1048576K
GC Heap History (20 events):
Event: 23.003 GC heap before
{Heap before GC invocations=486 (full 3):
 PSYoungGen      total 10240K, used 10144K [0x00000000eab00000, 0x00000000eb880000, 0x0000000100000000)
  eden space 9216K, 100% used [0x00000000eab00000,0x00000000eb400000,0x00000000eb400000)
  from space 1024K, 90% used [0x00000000eb780000,0x00000000eb868000,0x00000000eb880000)
  to   space 1024K, 0% used [0x00000000eb680000,0x00000000eb680000,0x00000000eb780000)
 ParOldGen       total 326656K, used 326222K [0x00000000c0000000, 0x00000000d3f00000, 0x00000000eab00000)
  object space 326656K, 99% used [0x00000000c0000000,0x00000000d3e93b28,0x00000000d3f00000)
 Metaspace       used 64814K, committed 66240K, reserved 1114112K
  class space    used 6723K, committed 7360K, reserved 1048576K
}
Event: 23.008 GC heap after
{Heap after GC invocations=486 (full 3):
 PSYoungGen      total 10240K, used 1008K [0x00000000eab00000, 0x00000000eb800000, 0x0000000100000000)
  eden space 9216K, 0% used [0x00000000eab00000,0x00000000eab00000,0x00000000eb400000)
  from space 1024K, 98% used [0x00000000eb680000,0x00000000eb77c030,0x00000000eb780000)
  to   space 512K, 0% used [0x00000000eb780000,0x00000000eb780000,0x00000000eb800000)
 ParOldGen       total 327168K, used 327048K [0x00000000c0000000, 0x00000000d3f80000, 0x00000000eab00000)
  object space 327168K, 99% used [0x00000000c0000000,0x00000000d3f623b0,0x00000000d3f80000)
 Metaspace       used 64814K, committed 66240K, reserved 1114112K
  class space    used 6723K, committed 7360K, reserved 1048576K
}
Event: 23.060 GC heap before
{Heap before GC invocations=487 (full 3):
 PSYoungGen      total 10240K, used 10224K [0x00000000eab00000, 0x00000000eb800000, 0x0000000100000000)
  eden space 9216K, 100% used [0x00000000eab00000,0x00000000eb400000,0x00000000eb400000)
  from space 1024K, 98% used [0x00000000eb680000,0x00000000eb77c030,0x00000000eb780000)
  to   space 512K, 0% used [0x00000000eb780000,0x00000000eb780000,0x00000000eb800000)
 ParOldGen       total 327168K, used 327048K [0x00000000c0000000, 0x00000000d3f80000, 0x00000000eab00000)
  object space 327168K, 99% used [0x00000000c0000000,0x00000000d3f623b0,0x00000000d3f80000)
 Metaspace       used 64824K, committed 66240K, reserved 1114112K
  class space    used 6723K, committed 7360K, reserved 1048576K
}
Event: 23.066 GC heap after
{Heap after GC invocations=487 (full 3):
 PSYoungGen      total 9728K, used 496K [0x00000000eab00000, 0x00000000eb800000, 0x0000000100000000)
  eden space 9216K, 0% used [0x00000000eab00000,0x00000000eab00000,0x00000000eb400000)
  from space 512K, 96% used [0x00000000eb780000,0x00000000eb7fc010,0x00000000eb800000)
  to   space 2048K, 0% used [0x00000000eb400000,0x00000000eb400000,0x00000000eb600000)
 ParOldGen       total 328192K, used 328127K [0x00000000c0000000, 0x00000000d4080000, 0x00000000eab00000)
  object space 328192K, 99% used [0x00000000c0000000,0x00000000d406fc48,0x00000000d4080000)
 Metaspace       used 64824K, committed 66240K, reserved 1114112K
  class space    used 6723K, committed 7360K, reserved 1048576K
}
Event: 23.191 GC heap before
{Heap before GC invocations=488 (full 3):
 PSYoungGen      total 9728K, used 9711K [0x00000000eab00000, 0x00000000eb800000, 0x0000000100000000)
  eden space 9216K, 99% used [0x00000000eab00000,0x00000000eb3fffd8,0x00000000eb400000)
  from space 512K, 96% used [0x00000000eb780000,0x00000000eb7fc010,0x00000000eb800000)
  to   space 2048K, 0% used [0x00000000eb400000,0x00000000eb400000,0x00000000eb600000)
 ParOldGen       total 328192K, used 328127K [0x00000000c0000000, 0x00000000d4080000, 0x00000000eab00000)
  object space 328192K, 99% used [0x00000000c0000000,0x00000000d406fc48,0x00000000d4080000)
 Metaspace       used 64883K, committed 66304K, reserved 1114112K
  class space    used 6724K, committed 7360K, reserved 1048576K
}
Event: 23.196 GC heap after
{Heap after GC invocations=488 (full 3):
 PSYoungGen      total 11264K, used 1644K [0x00000000eab00000, 0x00000000eb800000, 0x0000000100000000)
  eden space 9216K, 0% used [0x00000000eab00000,0x00000000eab00000,0x00000000eb400000)
  from space 2048K, 80% used [0x00000000eb400000,0x00000000eb59b110,0x00000000eb600000)
  to   space 2048K, 0% used [0x00000000eb600000,0x00000000eb600000,0x00000000eb800000)
 ParOldGen       total 328704K, used 328575K [0x00000000c0000000, 0x00000000d4100000, 0x00000000eab00000)
  object space 328704K, 99% used [0x00000000c0000000,0x00000000d40dfc68,0x00000000d4100000)
 Metaspace       used 64883K, committed 66304K, reserved 1114112K
  class space    used 6724K, committed 7360K, reserved 1048576K
}
Event: 23.481 GC heap before
{Heap before GC invocations=489 (full 3):
 PSYoungGen      total 11264K, used 10796K [0x00000000eab00000, 0x00000000eb800000, 0x0000000100000000)
  eden space 9216K, 99% used [0x00000000eab00000,0x00000000eb3f0260,0x00000000eb400000)
  from space 2048K, 80% used [0x00000000eb400000,0x00000000eb59b110,0x00000000eb600000)
  to   space 2048K, 0% used [0x00000000eb600000,0x00000000eb600000,0x00000000eb800000)
 ParOldGen       total 328704K, used 328575K [0x00000000c0000000, 0x00000000d4100000, 0x00000000eab00000)
  object space 328704K, 99% used [0x00000000c0000000,0x00000000d40dfc68,0x00000000d4100000)
 Metaspace       used 65085K, committed 66560K, reserved 1114112K
  class space    used 6739K, committed 7360K, reserved 1048576K
}
Event: 23.487 GC heap after
{Heap after GC invocations=489 (full 3):
 PSYoungGen      total 8192K, used 2042K [0x00000000eab00000, 0x00000000ebe00000, 0x0000000100000000)
  eden space 6144K, 0% used [0x00000000eab00000,0x00000000eab00000,0x00000000eb100000)
  from space 2048K, 99% used [0x00000000eb600000,0x00000000eb7fe820,0x00000000eb800000)
  to   space 5120K, 0% used [0x00000000eb100000,0x00000000eb100000,0x00000000eb600000)
 ParOldGen       total 331264K, used 331020K [0x00000000c0000000, 0x00000000d4380000, 0x00000000eab00000)
  object space 331264K, 99% used [0x00000000c0000000,0x00000000d43432a0,0x00000000d4380000)
 Metaspace       used 65085K, committed 66560K, reserved 1114112K
  class space    used 6739K, committed 7360K, reserved 1048576K
}
Event: 23.792 GC heap before
{Heap before GC invocations=490 (full 3):
 PSYoungGen      total 8192K, used 8173K [0x00000000eab00000, 0x00000000ebe00000, 0x0000000100000000)
  eden space 6144K, 99% used [0x00000000eab00000,0x00000000eb0fcdc0,0x00000000eb100000)
  from space 2048K, 99% used [0x00000000eb600000,0x00000000eb7fe820,0x00000000eb800000)
  to   space 5120K, 0% used [0x00000000eb100000,0x00000000eb100000,0x00000000eb600000)
 ParOldGen       total 331264K, used 331020K [0x00000000c0000000, 0x00000000d4380000, 0x00000000eab00000)
  object space 331264K, 99% used [0x00000000c0000000,0x00000000d43432a0,0x00000000d4380000)
 Metaspace       used 65509K, committed 67008K, reserved 1114112K
  class space    used 6802K, committed 7488K, reserved 1048576K
}
Event: 23.796 GC heap after
{Heap after GC invocations=490 (full 3):
 PSYoungGen      total 8704K, used 2344K [0x00000000eab00000, 0x00000000eb800000, 0x0000000100000000)
  eden space 6144K, 0% used [0x00000000eab00000,0x00000000eab00000,0x00000000eb100000)
  from space 2560K, 91% used [0x00000000eb100000,0x00000000eb34a000,0x00000000eb380000)
  to   space 3584K, 0% used [0x00000000eb480000,0x00000000eb480000,0x00000000eb800000)
 ParOldGen       total 332800K, used 332620K [0x00000000c0000000, 0x00000000d4500000, 0x00000000eab00000)
  object space 332800K, 99% used [0x00000000c0000000,0x00000000d44d3178,0x00000000d4500000)
 Metaspace       used 65509K, committed 67008K, reserved 1114112K
  class space    used 6802K, committed 7488K, reserved 1048576K
}
Event: 23.972 GC heap before
{Heap before GC invocations=491 (full 3):
 PSYoungGen      total 8704K, used 8488K [0x00000000eab00000, 0x00000000eb800000, 0x0000000100000000)
  eden space 6144K, 100% used [0x00000000eab00000,0x00000000eb100000,0x00000000eb100000)
  from space 2560K, 91% used [0x00000000eb100000,0x00000000eb34a000,0x00000000eb380000)
  to   space 3584K, 0% used [0x00000000eb480000,0x00000000eb480000,0x00000000eb800000)
 ParOldGen       total 332800K, used 332620K [0x00000000c0000000, 0x00000000d4500000, 0x00000000eab00000)
  object space 332800K, 99% used [0x00000000c0000000,0x00000000d44d3178,0x00000000d4500000)
 Metaspace       used 65614K, committed 67136K, reserved 1114112K
  class space    used 6814K, committed 7488K, reserved 1048576K
}
Event: 23.979 GC heap after
{Heap after GC invocations=491 (full 3):
 PSYoungGen      total 8704K, used 2205K [0x00000000eab00000, 0x00000000eb700000, 0x0000000100000000)
  eden space 6144K, 0% used [0x00000000eab00000,0x00000000eab00000,0x00000000eb100000)
  from space 2560K, 86% used [0x00000000eb480000,0x00000000eb6a77d0,0x00000000eb700000)
  to   space 2560K, 0% used [0x00000000eb100000,0x00000000eb100000,0x00000000eb380000)
 ParOldGen       total 334848K, used 334755K [0x00000000c0000000, 0x00000000d4700000, 0x00000000eab00000)
  object space 334848K, 99% used [0x00000000c0000000,0x00000000d46e8d68,0x00000000d4700000)
 Metaspace       used 65614K, committed 67136K, reserved 1114112K
  class space    used 6814K, committed 7488K, reserved 1048576K
}
Event: 24.231 GC heap before
{Heap before GC invocations=492 (full 3):
 PSYoungGen      total 8704K, used 8349K [0x00000000eab00000, 0x00000000eb700000, 0x0000000100000000)
  eden space 6144K, 100% used [0x00000000eab00000,0x00000000eb100000,0x00000000eb100000)
  from space 2560K, 86% used [0x00000000eb480000,0x00000000eb6a77d0,0x00000000eb700000)
  to   space 2560K, 0% used [0x00000000eb100000,0x00000000eb100000,0x00000000eb380000)
 ParOldGen       total 334848K, used 334755K [0x00000000c0000000, 0x00000000d4700000, 0x00000000eab00000)
  object space 334848K, 99% used [0x00000000c0000000,0x00000000d46e8d68,0x00000000d4700000)
 Metaspace       used 65775K, committed 67200K, reserved 1114112K
  class space    used 6839K, committed 7488K, reserved 1048576K
}
Event: 24.240 GC heap after
{Heap after GC invocations=492 (full 3):
 PSYoungGen      total 8704K, used 2539K [0x00000000eab00000, 0x00000000ebd00000, 0x0000000100000000)
  eden space 6144K, 0% used [0x00000000eab00000,0x00000000eab00000,0x00000000eb100000)
  from space 2560K, 99% used [0x00000000eb100000,0x00000000eb37afd0,0x00000000eb380000)
  to   space 6144K, 0% used [0x00000000eb700000,0x00000000eb700000,0x00000000ebd00000)
 ParOldGen       total 337920K, used 337550K [0x00000000c0000000, 0x00000000d4a00000, 0x00000000eab00000)
  object space 337920K, 99% used [0x00000000c0000000,0x00000000d49a3a00,0x00000000d4a00000)
 Metaspace       used 65775K, committed 67200K, reserved 1114112K
  class space    used 6839K, committed 7488K, reserved 1048576K
}
Event: 24.474 GC heap before
{Heap before GC invocations=493 (full 3):
 PSYoungGen      total 8704K, used 8683K [0x00000000eab00000, 0x00000000ebd00000, 0x0000000100000000)
  eden space 6144K, 100% used [0x00000000eab00000,0x00000000eb100000,0x00000000eb100000)
  from space 2560K, 99% used [0x00000000eb100000,0x00000000eb37afd0,0x00000000eb380000)
  to   space 6144K, 0% used [0x00000000eb700000,0x00000000eb700000,0x00000000ebd00000)
 ParOldGen       total 337920K, used 337550K [0x00000000c0000000, 0x00000000d4a00000, 0x00000000eab00000)
  object space 337920K, 99% used [0x00000000c0000000,0x00000000d49a3a00,0x00000000d4a00000)
 Metaspace       used 65952K, committed 67392K, reserved 1114112K
  class space    used 6844K, committed 7488K, reserved 1048576K
}
Event: 24.486 GC heap after
{Heap after GC invocations=493 (full 3):
 PSYoungGen      total 8704K, used 8683K [0x00000000eab00000, 0x00000000ebd00000, 0x0000000100000000)
  eden space 6144K, 100% used [0x00000000eab00000,0x00000000eb100000,0x00000000eb100000)
  from space 2560K, 99% used [0x00000000eb100000,0x00000000eb37afd0,0x00000000eb380000)
  to   space 6144K, 60% used [0x00000000eb700000,0x00000000ebaa07d0,0x00000000ebd00000)
 ParOldGen       total 339968K, used 339533K [0x00000000c0000000, 0x00000000d4c00000, 0x00000000eab00000)
  object space 339968K, 99% used [0x00000000c0000000,0x00000000d4b93488,0x00000000d4c00000)
 Metaspace       used 65952K, committed 67392K, reserved 1114112K
  class space    used 6844K, committed 7488K, reserved 1048576K
}
Event: 24.486 GC heap before
{Heap before GC invocations=494 (full 4):
 PSYoungGen      total 8704K, used 8683K [0x00000000eab00000, 0x00000000ebd00000, 0x0000000100000000)
  eden space 6144K, 100% used [0x00000000eab00000,0x00000000eb100000,0x00000000eb100000)
  from space 2560K, 99% used [0x00000000eb100000,0x00000000eb37afd0,0x00000000eb380000)
  to   space 6144K, 60% used [0x00000000eb700000,0x00000000ebaa07d0,0x00000000ebd00000)
 ParOldGen       total 339968K, used 339533K [0x00000000c0000000, 0x00000000d4c00000, 0x00000000eab00000)
  object space 339968K, 99% used [0x00000000c0000000,0x00000000d4b93488,0x00000000d4c00000)
 Metaspace       used 65952K, committed 67392K, reserved 1114112K
  class space    used 6844K, committed 7488K, reserved 1048576K
}
Event: 24.816 GC heap after
{Heap after GC invocations=494 (full 4):
 PSYoungGen      total 12288K, used 0K [0x00000000eab00000, 0x00000000ebd00000, 0x0000000100000000)
  eden space 6144K, 0% used [0x00000000eab00000,0x00000000eab00000,0x00000000eb100000)
  from space 6144K, 0% used [0x00000000eb700000,0x00000000eb700000,0x00000000ebd00000)
  to   space 6144K, 0% used [0x00000000eb100000,0x00000000eb100000,0x00000000eb700000)
 ParOldGen       total 330240K, used 302352K [0x00000000c0000000, 0x00000000d4280000, 0x00000000eab00000)
  object space 330240K, 91% used [0x00000000c0000000,0x00000000d27442c8,0x00000000d4280000)
 Metaspace       used 65952K, committed 67392K, reserved 1114112K
  class space    used 6844K, committed 7488K, reserved 1048576K
}
Event: 25.121 GC heap before
{Heap before GC invocations=495 (full 4):
 PSYoungGen      total 12288K, used 6144K [0x00000000eab00000, 0x00000000ebd00000, 0x0000000100000000)
  eden space 6144K, 100% used [0x00000000eab00000,0x00000000eb100000,0x00000000eb100000)
  from space 6144K, 0% used [0x00000000eb700000,0x00000000eb700000,0x00000000ebd00000)
  to   space 6144K, 0% used [0x00000000eb100000,0x00000000eb100000,0x00000000eb700000)
 ParOldGen       total 330240K, used 302352K [0x00000000c0000000, 0x00000000d4280000, 0x00000000eab00000)
  object space 330240K, 91% used [0x00000000c0000000,0x00000000d27442c8,0x00000000d4280000)
 Metaspace       used 66200K, committed 67648K, reserved 1114112K
  class space    used 6848K, committed 7488K, reserved 1048576K
}
Event: 25.128 GC heap after
{Heap after GC invocations=495 (full 4):
 PSYoungGen      total 8704K, used 2419K [0x00000000eab00000, 0x00000000eb800000, 0x0000000100000000)
  eden space 6144K, 0% used [0x00000000eab00000,0x00000000eab00000,0x00000000eb100000)
  from space 2560K, 94% used [0x00000000eb100000,0x00000000eb35cf20,0x00000000eb380000)
  to   space 3584K, 0% used [0x00000000eb480000,0x00000000eb480000,0x00000000eb800000)
 ParOldGen       total 330240K, used 302360K [0x00000000c0000000, 0x00000000d4280000, 0x00000000eab00000)
  object space 330240K, 91% used [0x00000000c0000000,0x00000000d27462c8,0x00000000d4280000)
 Metaspace       used 66200K, committed 67648K, reserved 1114112K
  class space    used 6848K, committed 7488K, reserved 1048576K
}

