# JRE version: OpenJDK Runtime Environment Temurin-21.0.7+6 (21.0.7+6) (build 21.0.7+6-LTS)
# Java VM: OpenJDK 64-Bit Server VM Temurin-21.0.7+6 (21.0.7+6-LTS, mixed mode, sharing, tiered, compressed oops, compressed class ptrs, parallel gc, windows-amd64)
GC Precious Log:
 CardTable entry size: 512
 CPUs: 12 total, 12 available
 Memory: 16163M
 Large Page Support: Disabled
 NUMA Support: Disabled
 Compressed Oops: Enabled (32-bit)
 Alignments: Space 512K, Generation 512K, Heap 2M
 Heap Min Capacity: 100M
 Heap Initial Capacity: 100M
 Heap Max Capacity: 1G
 Pre-touch: Disabled
 Parallel Workers: 10
Heap:
 PSYoungGen      total 18944K, used 4702K [0x00000000eab00000, 0x00000000ec080000, 0x0000000100000000)
  eden space 16384K, 13% used [0x00000000eab00000,0x00000000ead18270,0x00000000ebb00000)
  from space 2560K, 99% used [0x00000000ebb80000,0x00000000ebdff918,0x00000000ebe00000)
  to   space 2048K, 0% used [0x00000000ebe80000,0x00000000ebe80000,0x00000000ec080000)
 ParOldGen       total 250368K, used 250224K [0x00000000c0000000, 0x00000000cf480000, 0x00000000eab00000)
  object space 250368K, 99% used [0x00000000c0000000,0x00000000cf45c100,0x00000000cf480000)
 Metaspace       used 72455K, committed 74112K, reserved 1179648K
  class space    used 7322K, committed 8000K, reserved 1048576K
GC Heap History (20 events):
Event: 65.878 GC heap before
{Heap before GC invocations=764 (full 4):
 PSYoungGen      total 8192K, used 8064K [0x00000000eab00000, 0x00000000eb580000, 0x0000000100000000)
  eden space 7168K, 100% used [0x00000000eab00000,0x00000000eb200000,0x00000000eb200000)
  from space 1024K, 87% used [0x00000000eb200000,0x00000000eb2e0000,0x00000000eb300000)
  to   space 1024K, 0% used [0x00000000eb480000,0x00000000eb480000,0x00000000eb580000)
 ParOldGen       total 237568K, used 237113K [0x00000000c0000000, 0x00000000ce800000, 0x00000000eab00000)
  object space 237568K, 99% used [0x00000000c0000000,0x00000000ce78e5e8,0x00000000ce800000)
 Metaspace       used 72455K, committed 74112K, reserved 1179648K
  class space    used 7322K, committed 8000K, reserved 1048576K
}
Event: 65.896 GC heap after
{Heap after GC invocations=764 (full 4):
 PSYoungGen      total 9728K, used 800K [0x00000000eab00000, 0x00000000eb580000, 0x0000000100000000)
  eden space 8704K, 0% used [0x00000000eab00000,0x00000000eab00000,0x00000000eb380000)
  from space 1024K, 78% used [0x00000000eb480000,0x00000000eb548000,0x00000000eb580000)
  to   space 1024K, 0% used [0x00000000eb380000,0x00000000eb380000,0x00000000eb480000)
 ParOldGen       total 238080K, used 237849K [0x00000000c0000000, 0x00000000ce880000, 0x00000000eab00000)
  object space 238080K, 99% used [0x00000000c0000000,0x00000000ce8465e8,0x00000000ce880000)
 Metaspace       used 72455K, committed 74112K, reserved 1179648K
  class space    used 7322K, committed 8000K, reserved 1048576K
}
Event: 66.053 GC heap before
{Heap before GC invocations=765 (full 4):
 PSYoungGen      total 9728K, used 9504K [0x00000000eab00000, 0x00000000eb580000, 0x0000000100000000)
  eden space 8704K, 100% used [0x00000000eab00000,0x00000000eb380000,0x00000000eb380000)
  from space 1024K, 78% used [0x00000000eb480000,0x00000000eb548000,0x00000000eb580000)
  to   space 1024K, 0% used [0x00000000eb380000,0x00000000eb380000,0x00000000eb480000)
 ParOldGen       total 238080K, used 237849K [0x00000000c0000000, 0x00000000ce880000, 0x00000000eab00000)
  object space 238080K, 99% used [0x00000000c0000000,0x00000000ce8465e8,0x00000000ce880000)
 Metaspace       used 72455K, committed 74112K, reserved 1179648K
  class space    used 7322K, committed 8000K, reserved 1048576K
}
Event: 66.176 GC heap after
{Heap after GC invocations=765 (full 4):
 PSYoungGen      total 9728K, used 1024K [0x00000000eab00000, 0x00000000eb880000, 0x0000000100000000)
  eden space 8704K, 0% used [0x00000000eab00000,0x00000000eab00000,0x00000000eb380000)
  from space 1024K, 100% used [0x00000000eb380000,0x00000000eb480000,0x00000000eb480000)
  to   space 1536K, 0% used [0x00000000eb700000,0x00000000eb700000,0x00000000eb880000)
 ParOldGen       total 238592K, used 238537K [0x00000000c0000000, 0x00000000ce900000, 0x00000000eab00000)
  object space 238592K, 99% used [0x00000000c0000000,0x00000000ce8f25e8,0x00000000ce900000)
 Metaspace       used 72455K, committed 74112K, reserved 1179648K
  class space    used 7322K, committed 8000K, reserved 1048576K
}
Event: 66.238 GC heap before
{Heap before GC invocations=766 (full 4):
 PSYoungGen      total 9728K, used 9728K [0x00000000eab00000, 0x00000000eb880000, 0x0000000100000000)
  eden space 8704K, 100% used [0x00000000eab00000,0x00000000eb380000,0x00000000eb380000)
  from space 1024K, 100% used [0x00000000eb380000,0x00000000eb480000,0x00000000eb480000)
  to   space 1536K, 0% used [0x00000000eb700000,0x00000000eb700000,0x00000000eb880000)
 ParOldGen       total 238592K, used 238537K [0x00000000c0000000, 0x00000000ce900000, 0x00000000eab00000)
  object space 238592K, 99% used [0x00000000c0000000,0x00000000ce8f25e8,0x00000000ce900000)
 Metaspace       used 72455K, committed 74112K, reserved 1179648K
  class space    used 7322K, committed 8000K, reserved 1048576K
}
Event: 66.260 GC heap after
{Heap after GC invocations=766 (full 4):
 PSYoungGen      total 12288K, used 1240K [0x00000000eab00000, 0x00000000eb880000, 0x0000000100000000)
  eden space 10752K, 0% used [0x00000000eab00000,0x00000000eab00000,0x00000000eb580000)
  from space 1536K, 80% used [0x00000000eb700000,0x00000000eb836008,0x00000000eb880000)
  to   space 1536K, 0% used [0x00000000eb580000,0x00000000eb580000,0x00000000eb700000)
 ParOldGen       total 239616K, used 239409K [0x00000000c0000000, 0x00000000cea00000, 0x00000000eab00000)
  object space 239616K, 99% used [0x00000000c0000000,0x00000000ce9cc5e8,0x00000000cea00000)
 Metaspace       used 72455K, committed 74112K, reserved 1179648K
  class space    used 7322K, committed 8000K, reserved 1048576K
}
Event: 66.337 GC heap before
{Heap before GC invocations=767 (full 4):
 PSYoungGen      total 12288K, used 11992K [0x00000000eab00000, 0x00000000eb880000, 0x0000000100000000)
  eden space 10752K, 100% used [0x00000000eab00000,0x00000000eb580000,0x00000000eb580000)
  from space 1536K, 80% used [0x00000000eb700000,0x00000000eb836008,0x00000000eb880000)
  to   space 1536K, 0% used [0x00000000eb580000,0x00000000eb580000,0x00000000eb700000)
 ParOldGen       total 239616K, used 239409K [0x00000000c0000000, 0x00000000cea00000, 0x00000000eab00000)
  object space 239616K, 99% used [0x00000000c0000000,0x00000000ce9cc5e8,0x00000000cea00000)
 Metaspace       used 72455K, committed 74112K, reserved 1179648K
  class space    used 7322K, committed 8000K, reserved 1048576K
}
Event: 66.369 GC heap after
{Heap after GC invocations=767 (full 4):
 PSYoungGen      total 12288K, used 1376K [0x00000000eab00000, 0x00000000ebb00000, 0x0000000100000000)
  eden space 10752K, 0% used [0x00000000eab00000,0x00000000eab00000,0x00000000eb580000)
  from space 1536K, 89% used [0x00000000eb580000,0x00000000eb6d8000,0x00000000eb700000)
  to   space 1536K, 0% used [0x00000000eb980000,0x00000000eb980000,0x00000000ebb00000)
 ParOldGen       total 240640K, used 240508K [0x00000000c0000000, 0x00000000ceb00000, 0x00000000eab00000)
  object space 240640K, 99% used [0x00000000c0000000,0x00000000ceadf200,0x00000000ceb00000)
 Metaspace       used 72455K, committed 74112K, reserved 1179648K
  class space    used 7322K, committed 8000K, reserved 1048576K
}
Event: 66.448 GC heap before
{Heap before GC invocations=768 (full 4):
 PSYoungGen      total 12288K, used 12128K [0x00000000eab00000, 0x00000000ebb00000, 0x0000000100000000)
  eden space 10752K, 100% used [0x00000000eab00000,0x00000000eb580000,0x00000000eb580000)
  from space 1536K, 89% used [0x00000000eb580000,0x00000000eb6d8000,0x00000000eb700000)
  to   space 1536K, 0% used [0x00000000eb980000,0x00000000eb980000,0x00000000ebb00000)
 ParOldGen       total 240640K, used 240508K [0x00000000c0000000, 0x00000000ceb00000, 0x00000000eab00000)
  object space 240640K, 99% used [0x00000000c0000000,0x00000000ceadf200,0x00000000ceb00000)
 Metaspace       used 72455K, committed 74112K, reserved 1179648K
  class space    used 7322K, committed 8000K, reserved 1048576K
}
Event: 66.455 GC heap after
{Heap after GC invocations=768 (full 4):
 PSYoungGen      total 14848K, used 1280K [0x00000000eab00000, 0x00000000ebb00000, 0x0000000100000000)
  eden space 13312K, 0% used [0x00000000eab00000,0x00000000eab00000,0x00000000eb800000)
  from space 1536K, 83% used [0x00000000eb980000,0x00000000ebac0000,0x00000000ebb00000)
  to   space 1536K, 0% used [0x00000000eb800000,0x00000000eb800000,0x00000000eb980000)
 ParOldGen       total 242176K, used 241700K [0x00000000c0000000, 0x00000000cec80000, 0x00000000eab00000)
  object space 242176K, 99% used [0x00000000c0000000,0x00000000cec09200,0x00000000cec80000)
 Metaspace       used 72455K, committed 74112K, reserved 1179648K
  class space    used 7322K, committed 8000K, reserved 1048576K
}
Event: 66.512 GC heap before
{Heap before GC invocations=769 (full 4):
 PSYoungGen      total 14848K, used 14592K [0x00000000eab00000, 0x00000000ebb00000, 0x0000000100000000)
  eden space 13312K, 100% used [0x00000000eab00000,0x00000000eb800000,0x00000000eb800000)
  from space 1536K, 83% used [0x00000000eb980000,0x00000000ebac0000,0x00000000ebb00000)
  to   space 1536K, 0% used [0x00000000eb800000,0x00000000eb800000,0x00000000eb980000)
 ParOldGen       total 242176K, used 241700K [0x00000000c0000000, 0x00000000cec80000, 0x00000000eab00000)
  object space 242176K, 99% used [0x00000000c0000000,0x00000000cec09200,0x00000000cec80000)
 Metaspace       used 72455K, committed 74112K, reserved 1179648K
  class space    used 7322K, committed 8000K, reserved 1048576K
}
Event: 66.516 GC heap after
{Heap after GC invocations=769 (full 4):
 PSYoungGen      total 14848K, used 1504K [0x00000000eab00000, 0x00000000ebf00000, 0x0000000100000000)
  eden space 13312K, 0% used [0x00000000eab00000,0x00000000eab00000,0x00000000eb800000)
  from space 1536K, 97% used [0x00000000eb800000,0x00000000eb978000,0x00000000eb980000)
  to   space 2048K, 0% used [0x00000000ebd00000,0x00000000ebd00000,0x00000000ebf00000)
 ParOldGen       total 243200K, used 242772K [0x00000000c0000000, 0x00000000ced80000, 0x00000000eab00000)
  object space 243200K, 99% used [0x00000000c0000000,0x00000000ced15200,0x00000000ced80000)
 Metaspace       used 72455K, committed 74112K, reserved 1179648K
  class space    used 7322K, committed 8000K, reserved 1048576K
}
Event: 66.573 GC heap before
{Heap before GC invocations=770 (full 4):
 PSYoungGen      total 14848K, used 14816K [0x00000000eab00000, 0x00000000ebf00000, 0x0000000100000000)
  eden space 13312K, 100% used [0x00000000eab00000,0x00000000eb800000,0x00000000eb800000)
  from space 1536K, 97% used [0x00000000eb800000,0x00000000eb978000,0x00000000eb980000)
  to   space 2048K, 0% used [0x00000000ebd00000,0x00000000ebd00000,0x00000000ebf00000)
 ParOldGen       total 243200K, used 242772K [0x00000000c0000000, 0x00000000ced80000, 0x00000000eab00000)
  object space 243200K, 99% used [0x00000000c0000000,0x00000000ced15200,0x00000000ced80000)
 Metaspace       used 72455K, committed 74112K, reserved 1179648K
  class space    used 7322K, committed 8000K, reserved 1048576K
}
Event: 66.589 GC heap after
{Heap after GC invocations=770 (full 4):
 PSYoungGen      total 17920K, used 1408K [0x00000000eab00000, 0x00000000ebe80000, 0x0000000100000000)
  eden space 16384K, 0% used [0x00000000eab00000,0x00000000eab00000,0x00000000ebb00000)
  from space 1536K, 91% used [0x00000000ebd00000,0x00000000ebe60000,0x00000000ebe80000)
  to   space 1536K, 0% used [0x00000000ebb80000,0x00000000ebb80000,0x00000000ebd00000)
 ParOldGen       total 244224K, used 244100K [0x00000000c0000000, 0x00000000cee80000, 0x00000000eab00000)
  object space 244224K, 99% used [0x00000000c0000000,0x00000000cee61200,0x00000000cee80000)
 Metaspace       used 72455K, committed 74112K, reserved 1179648K
  class space    used 7322K, committed 8000K, reserved 1048576K
}
Event: 66.683 GC heap before
{Heap before GC invocations=771 (full 4):
 PSYoungGen      total 17920K, used 17792K [0x00000000eab00000, 0x00000000ebe80000, 0x0000000100000000)
  eden space 16384K, 100% used [0x00000000eab00000,0x00000000ebb00000,0x00000000ebb00000)
  from space 1536K, 91% used [0x00000000ebd00000,0x00000000ebe60000,0x00000000ebe80000)
  to   space 1536K, 0% used [0x00000000ebb80000,0x00000000ebb80000,0x00000000ebd00000)
 ParOldGen       total 244224K, used 244100K [0x00000000c0000000, 0x00000000cee80000, 0x00000000eab00000)
  object space 244224K, 99% used [0x00000000c0000000,0x00000000cee61200,0x00000000cee80000)
 Metaspace       used 72455K, committed 74112K, reserved 1179648K
  class space    used 7322K, committed 8000K, reserved 1048576K
}
Event: 66.687 GC heap after
{Heap after GC invocations=771 (full 4):
 PSYoungGen      total 17920K, used 1526K [0x00000000eab00000, 0x00000000ec200000, 0x0000000100000000)
  eden space 16384K, 0% used [0x00000000eab00000,0x00000000eab00000,0x00000000ebb00000)
  from space 1536K, 99% used [0x00000000ebb80000,0x00000000ebcfd810,0x00000000ebd00000)
  to   space 3584K, 0% used [0x00000000ebe80000,0x00000000ebe80000,0x00000000ec200000)
 ParOldGen       total 245760K, used 245476K [0x00000000c0000000, 0x00000000cf000000, 0x00000000eab00000)
  object space 245760K, 99% used [0x00000000c0000000,0x00000000cefb9200,0x00000000cf000000)
 Metaspace       used 72455K, committed 74112K, reserved 1179648K
  class space    used 7322K, committed 8000K, reserved 1048576K
}
Event: 66.774 GC heap before
{Heap before GC invocations=772 (full 4):
 PSYoungGen      total 17920K, used 17762K [0x00000000eab00000, 0x00000000ec200000, 0x0000000100000000)
  eden space 16384K, 99% used [0x00000000eab00000,0x00000000ebadaff8,0x00000000ebb00000)
  from space 1536K, 99% used [0x00000000ebb80000,0x00000000ebcfd810,0x00000000ebd00000)
  to   space 3584K, 0% used [0x00000000ebe80000,0x00000000ebe80000,0x00000000ec200000)
 ParOldGen       total 245760K, used 245476K [0x00000000c0000000, 0x00000000cf000000, 0x00000000eab00000)
  object space 245760K, 99% used [0x00000000c0000000,0x00000000cefb9200,0x00000000cf000000)
 Metaspace       used 72455K, committed 74112K, reserved 1179648K
  class space    used 7322K, committed 8000K, reserved 1048576K
}
Event: 66.779 GC heap after
{Heap after GC invocations=772 (full 4):
 PSYoungGen      total 18432K, used 1728K [0x00000000eab00000, 0x00000000ec080000, 0x0000000100000000)
  eden space 16384K, 0% used [0x00000000eab00000,0x00000000eab00000,0x00000000ebb00000)
  from space 2048K, 84% used [0x00000000ebe80000,0x00000000ec030000,0x00000000ec080000)
  to   space 2560K, 0% used [0x00000000ebb80000,0x00000000ebb80000,0x00000000ebe00000)
 ParOldGen       total 247296K, used 246914K [0x00000000c0000000, 0x00000000cf180000, 0x00000000eab00000)
  object space 247296K, 99% used [0x00000000c0000000,0x00000000cf120a10,0x00000000cf180000)
 Metaspace       used 72455K, committed 74112K, reserved 1179648K
  class space    used 7322K, committed 8000K, reserved 1048576K
}
Event: 66.999 GC heap before
{Heap before GC invocations=773 (full 4):
 PSYoungGen      total 18432K, used 18112K [0x00000000eab00000, 0x00000000ec080000, 0x0000000100000000)
  eden space 16384K, 100% used [0x00000000eab00000,0x00000000ebb00000,0x00000000ebb00000)
  from space 2048K, 84% used [0x00000000ebe80000,0x00000000ec030000,0x00000000ec080000)
  to   space 2560K, 0% used [0x00000000ebb80000,0x00000000ebb80000,0x00000000ebe00000)
 ParOldGen       total 247296K, used 246914K [0x00000000c0000000, 0x00000000cf180000, 0x00000000eab00000)
  object space 247296K, 99% used [0x00000000c0000000,0x00000000cf120a10,0x00000000cf180000)
 Metaspace       used 72455K, committed 74112K, reserved 1179648K
  class space    used 7322K, committed 8000K, reserved 1048576K
}
Event: 67.005 GC heap after
{Heap after GC invocations=773 (full 4):
 PSYoungGen      total 18944K, used 2558K [0x00000000eab00000, 0x00000000ec080000, 0x0000000100000000)
  eden space 16384K, 0% used [0x00000000eab00000,0x00000000eab00000,0x00000000ebb00000)
  from space 2560K, 99% used [0x00000000ebb80000,0x00000000ebdff918,0x00000000ebe00000)
  to   space 2048K, 0% used [0x00000000ebe80000,0x00000000ebe80000,0x00000000ec080000)
 ParOldGen       total 250368K, used 250224K [0x00000000c0000000, 0x00000000cf480000, 0x00000000eab00000)
  object space 250368K, 99% used [0x00000000c0000000,0x00000000cf45c100,0x00000000cf480000)
 Metaspace       used 72455K, committed 74112K, reserved 1179648K
  class space    used 7322K, committed 8000K, reserved 1048576K
}

